[INFO ] 2025-12-08 16:00:07.748 - Button1 is present
[INFO ] 2025-12-08 16:00:07.800 - Button2 is present
[INFO ] 2025-12-08 16:09:03.968 - Button1 is present
[INFO ] 2025-12-08 16:09:04.025 - Button2 is present
[INFO ] 2025-12-08 16:11:50.091 - Button1 is present
[INFO ] 2025-12-08 16:11:50.116 - Button2 is present
[INFO ] 2025-12-08 16:11:55.472 - Textbox1 is displayed
[INFO ] 2025-12-08 16:16:07.802 - Button1 is present
[INFO ] 2025-12-08 16:16:07.827 - Button2 is present
[INFO ] 2025-12-08 16:16:13.208 - Textbox1 is displayed
[INFO ] 2025-12-08 16:32:33.092 - Button1 is present
[INFO ] 2025-12-08 16:32:33.136 - Button2 is present
[INFO ] 2025-12-08 16:32:38.513 - Textbox1 is displayed
[INFO ] 2025-12-08 16:39:34.668 - Button1 is present
[INFO ] 2025-12-08 16:39:34.693 - Button2 is present
[INFO ] 2025-12-08 16:39:40.078 - Textbox1 is displayed
[INFO ] 2025-12-08 16:40:38.978 - Button1 is present
[INFO ] 2025-12-08 16:40:39.004 - Button2 is present
[INFO ] 2025-12-08 16:40:44.387 - Textbox1 is displayed
[INFO ] 2025-12-08 16:40:44.771 - waited for 6 seconds
[INFO ] 2025-12-08 16:41:24.911 - Button1 is present
[INFO ] 2025-12-08 16:41:24.952 - Button2 is present
[INFO ] 2025-12-08 16:41:30.339 - Textbox1 is displayed
[INFO ] 2025-12-08 16:41:30.761 - waited for 6 seconds
[INFO ] 2025-12-08 16:49:16.489 - Button1 is present
[INFO ] 2025-12-08 16:49:16.516 - Button2 is present
[INFO ] 2025-12-08 16:49:21.886 - Textbox1 is displayed
[INFO ] 2025-12-08 16:49:22.282 - waited for 10 seconds
[INFO ] 2025-12-08 16:49:59.688 - Button1 is present
[INFO ] 2025-12-08 16:49:59.745 - Button2 is present
[INFO ] 2025-12-08 16:50:05.108 - Textbox1 is displayed
[INFO ] 2025-12-08 16:50:05.492 - waited for 10 seconds
[INFO ] 2025-12-08 20:09:51.974 - Button1 is present
[INFO ] 2025-12-08 20:09:52.003 - Button2 is present
[INFO ] 2025-12-08 20:09:57.375 - Textbox1 is displayed
[INFO ] 2025-12-08 20:09:57.787 - waited for 10 seconds
[INFO ] 2025-12-08 20:11:50.742 - Button1 is present
[INFO ] 2025-12-08 20:11:50.776 - Button2 is present
[INFO ] 2025-12-08 20:11:56.138 - Textbox1 is displayed
[INFO ] 2025-12-08 20:11:56.512 - waited for 10 seconds
[INFO ] 2025-12-08 20:12:58.087 - Button1 is present
[INFO ] 2025-12-08 20:12:58.128 - Button2 is present
[INFO ] 2025-12-08 20:13:03.546 - Textbox1 is displayed
[INFO ] 2025-12-08 20:13:03.935 - waited for 10 seconds
[INFO ] 2025-12-08 20:15:42.860 - Button1 is present
[INFO ] 2025-12-08 20:15:42.886 - Button2 is present
[INFO ] 2025-12-08 20:15:48.266 - Textbox1 is displayed
[INFO ] 2025-12-08 20:15:48.655 - waited for 10 seconds
[INFO ] 2025-12-08 20:19:34.092 - Button1 is present
[INFO ] 2025-12-08 20:19:34.127 - Button2 is present
[INFO ] 2025-12-08 20:19:39.514 - Textbox1 is displayed
[INFO ] 2025-12-08 20:19:39.895 - waited for 10 seconds
[INFO ] 2025-12-08 21:20:20.467 - Button1 is present
[INFO ] 2025-12-08 21:20:20.515 - Button2 is present
[INFO ] 2025-12-08 21:20:26.418 - Textbox1 is displayed
[INFO ] 2025-12-08 21:54:18.087 - Button1 is present
[INFO ] 2025-12-08 21:54:18.111 - Button2 is present
[INFO ] 2025-12-08 21:54:23.527 - Textbox1 is displayed
[INFO ] 2025-12-08 21:54:23.916 - waited for 10 seconds
[INFO ] 2025-12-08 22:00:10.659 - /**********************Test Start ********************************/
[INFO ] 2025-12-08 22:00:15.798 - Button1 is present
[INFO ] 2025-12-08 22:00:15.815 - Button2 is present
[INFO ] 2025-12-08 22:00:21.184 - Textbox1 is displayed
[INFO ] 2025-12-08 22:00:21.556 - waited for 10 seconds
[INFO ] 2025-12-08 22:00:31.952 - /**********************Test Passed ********************************/
[INFO ] 2025-12-08 22:07:37.518 - /**********************Test Start ********************************/
[INFO ] 2025-12-08 22:07:42.968 - Button1 is present
[INFO ] 2025-12-08 22:07:42.984 - Button2 is present
[INFO ] 2025-12-08 22:52:27.573 - /**********************Test Start ********************************/
[INFO ] 2025-12-08 22:52:33.268 - Button1 is present
[INFO ] 2025-12-08 22:52:33.284 - Button2 is present
[INFO ] 2025-12-08 22:52:38.681 - Textbox1 is displayed
[INFO ] 2025-12-08 22:52:39.085 - waited for 10 seconds
[INFO ] 2025-12-08 22:52:49.586 - /**********************Test Passed ********************************/
[INFO ] 2025-12-08 22:54:55.449 - /**********************Test Start ********************************/
[INFO ] 2025-12-08 22:54:55.456 - chrome
[INFO ] 2025-12-08 22:55:00.629 - Button1 is present
[INFO ] 2025-12-08 22:55:00.649 - Button2 is present
[INFO ] 2025-12-08 22:55:06.033 - Textbox1 is displayed
[INFO ] 2025-12-08 22:55:06.398 - waited for 10 seconds
[INFO ] 2025-12-08 22:56:39.423 - /**********************Test Start ********************************/
[INFO ] 2025-12-08 22:56:39.439 - chrome
[INFO ] 2025-12-08 22:56:46.913 - Button1 is present
[INFO ] 2025-12-08 22:56:46.927 - Button2 is present
[INFO ] 2025-12-08 22:56:52.303 - Textbox1 is displayed
[INFO ] 2025-12-08 22:56:52.624 - waited for 10 seconds
[INFO ] 2025-12-08 22:57:03.006 - /**********************Test Passed ********************************/
[INFO ] 2025-12-08 22:58:00.011 - /**********************Test Start ********************************/
[INFO ] 2025-12-08 22:58:00.029 - chrome
[INFO ] 2025-12-08 22:58:05.073 - Button1 is present
[INFO ] 2025-12-08 22:58:05.088 - Button2 is present
[INFO ] 2025-12-08 22:58:10.479 - Textbox1 is displayed
[INFO ] 2025-12-08 22:58:10.866 - waited for 10 seconds
[INFO ] 2025-12-08 22:58:21.275 - /**********************Test Passed ********************************/
[INFO ] 2025-12-08 22:58:24.978 - /**********************Test Start ********************************/
[INFO ] 2025-12-08 22:58:24.994 - firefox
[INFO ] 2025-12-08 23:05:26.216 - /**********************Test Start ********************************/
[INFO ] 2025-12-08 23:05:26.216 - /**********************Test Start ********************************/
[INFO ] 2025-12-08 23:05:26.223 - firefox
[INFO ] 2025-12-08 23:05:26.223 - chrome
[INFO ] 2025-12-08 23:05:31.333 - Button1 is present
[INFO ] 2025-12-08 23:05:31.348 - Button2 is present
[INFO ] 2025-12-08 23:05:36.723 - Textbox1 is displayed
[INFO ] 2025-12-08 23:05:37.099 - waited for 10 seconds
[INFO ] 2025-12-08 23:05:47.474 - /**********************Test Passed ********************************/
[INFO ] 2025-12-08 23:06:21.680 - /**********************Test Start ********************************/
[INFO ] 2025-12-08 23:06:21.680 - /**********************Test Start ********************************/
[INFO ] 2025-12-08 23:06:21.688 - chrome
[INFO ] 2025-12-08 23:06:21.688 - firefox
[INFO ] 2025-12-08 23:06:44.497 - /**********************Test Start ********************************/
[INFO ] 2025-12-08 23:06:44.497 - /**********************Test Start ********************************/
[INFO ] 2025-12-08 23:06:44.505 - firefox
[INFO ] 2025-12-08 23:06:44.505 - chrome
[INFO ] 2025-12-08 23:07:17.375 - /**********************Test Start ********************************/
[INFO ] 2025-12-08 23:07:17.375 - /**********************Test Start ********************************/
[INFO ] 2025-12-08 23:07:17.382 - chrome
[INFO ] 2025-12-08 23:07:17.382 - firefox
[INFO ] 2025-12-08 23:07:35.274 - /**********************Test Start ********************************/
[INFO ] 2025-12-08 23:07:35.274 - /**********************Test Start ********************************/
[INFO ] 2025-12-08 23:07:35.281 - firefox
[INFO ] 2025-12-08 23:07:35.281 - chrome
[INFO ] 2025-12-08 23:07:58.641 - /**********************Test Start ********************************/
[INFO ] 2025-12-08 23:07:58.641 - /**********************Test Start ********************************/
[INFO ] 2025-12-08 23:07:58.649 - chrome
[INFO ] 2025-12-08 23:07:58.649 - firefox
[INFO ] 2025-12-08 23:08:04.217 - Button1 is present
[INFO ] 2025-12-08 23:08:04.234 - Button2 is present
[INFO ] 2025-12-08 23:08:42.340 - /**********************Test Start ********************************/
[INFO ] 2025-12-08 23:08:42.340 - /**********************Test Start ********************************/
[INFO ] 2025-12-08 23:08:42.348 - chrome
[INFO ] 2025-12-08 23:08:42.348 - firefox
[INFO ] 2025-12-08 23:08:47.600 - Button1 is present
[INFO ] 2025-12-08 23:08:47.616 - Button2 is present
[INFO ] 2025-12-08 23:09:35.728 - /**********************Test Start ********************************/
[INFO ] 2025-12-08 23:09:35.728 - /**********************Test Start ********************************/
[INFO ] 2025-12-08 23:09:35.735 - firefox
[INFO ] 2025-12-08 23:09:35.735 - chrome
[INFO ] 2025-12-08 23:09:40.831 - Button1 is present
[INFO ] 2025-12-08 23:09:40.846 - Button2 is present
[INFO ] 2025-12-08 23:09:46.218 - Textbox1 is displayed
[INFO ] 2025-12-08 23:09:46.489 - waited for 10 seconds
[INFO ] 2025-12-08 23:09:56.889 - /**********************Test Passed ********************************/
[INFO ] 2025-12-08 23:10:18.087 - /**********************Test Start ********************************/
[INFO ] 2025-12-08 23:10:18.087 - /**********************Test Start ********************************/
[INFO ] 2025-12-08 23:10:18.095 - firefox
[INFO ] 2025-12-08 23:10:18.095 - chrome
[INFO ] 2025-12-08 23:10:35.724 - /**********************Test Start ********************************/
[INFO ] 2025-12-08 23:10:35.724 - /**********************Test Start ********************************/
[INFO ] 2025-12-08 23:10:35.731 - firefox
[INFO ] 2025-12-08 23:10:35.731 - chrome
[INFO ] 2025-12-08 23:10:54.161 - /**********************Test Start ********************************/
[INFO ] 2025-12-08 23:10:54.161 - /**********************Test Start ********************************/
[INFO ] 2025-12-08 23:10:54.169 - firefox
[INFO ] 2025-12-08 23:10:54.169 - chrome
[INFO ] 2025-12-08 23:10:59.189 - Button1 is present
[INFO ] 2025-12-08 23:10:59.205 - Button2 is present
[INFO ] 2025-12-08 23:20:17.032 - /**********************Test Start ********************************/
[INFO ] 2025-12-08 23:20:17.032 - /**********************Test Start ********************************/
[INFO ] 2025-12-08 23:20:17.044 - firefox
[INFO ] 2025-12-08 23:20:17.044 - chrome
[INFO ] 2025-12-08 23:20:23.287 - Button1 is present
[INFO ] 2025-12-08 23:20:23.308 - Button2 is present
[INFO ] 2025-12-08 23:20:28.943 - Textbox1 is displayed
[INFO ] 2025-12-08 23:20:29.412 - waited for 10 seconds
[INFO ] 2025-12-08 23:23:21.314 - /**********************Test Start ********************************/
[INFO ] 2025-12-08 23:23:21.314 - /**********************Test Start ********************************/
[INFO ] 2025-12-08 23:23:21.325 - chrome
[INFO ] 2025-12-08 23:23:21.325 - firefox
[INFO ] 2025-12-08 23:23:27.617 - Button1 is present
[INFO ] 2025-12-08 23:23:27.639 - Button2 is present
[INFO ] 2025-12-08 23:31:23.978 - /**********************Test Start ********************************/
[INFO ] 2025-12-08 23:31:23.978 - /**********************Test Start ********************************/
[INFO ] 2025-12-08 23:31:23.982 - chrome
[INFO ] 2025-12-08 23:31:23.982 - firefox
[INFO ] 2025-12-08 23:31:30.579 - Button1 is present
[INFO ] 2025-12-08 23:31:30.585 - Button2 is present
[INFO ] 2025-12-08 23:31:35.774 - Textbox1 is displayed
[INFO ] 2025-12-08 23:31:35.992 - waited for 10 seconds
[INFO ] 2025-12-08 23:31:46.324 - /**********************Test Passed ********************************/
[INFO ] 2025-12-09 00:02:14.218 - /**********************Test Start ********************************/
[INFO ] 2025-12-09 00:02:14.218 - /**********************Test Start ********************************/
[INFO ] 2025-12-09 00:02:14.223 - firefox
[INFO ] 2025-12-09 00:02:14.223 - chrome
[INFO ] 2025-12-09 00:02:18.713 - Button1 is present
[INFO ] 2025-12-09 00:02:18.721 - Button2 is present
[INFO ] 2025-12-09 00:02:22.035 - Button1 is present
[INFO ] 2025-12-09 00:02:22.044 - Button2 is present
[INFO ] 2025-12-09 00:02:23.932 - Textbox1 is displayed
[INFO ] 2025-12-09 00:02:24.094 - waited for 10 seconds
[INFO ] 2025-12-09 00:02:27.178 - Textbox1 is displayed
[INFO ] 2025-12-09 00:02:27.374 - waited for 10 seconds
[INFO ] 2025-12-09 00:02:34.442 - /**********************Test Passed ********************************/
[INFO ] 2025-12-09 10:53:12.429 - /**********************Test Start ********************************/
[INFO ] 2025-12-09 10:53:12.429 - /**********************Test Start ********************************/
[INFO ] 2025-12-09 10:53:12.436 - chrome
[INFO ] 2025-12-09 10:53:12.436 - firefox
[INFO ] 2025-12-09 10:53:22.326 - Button1 is present
[INFO ] 2025-12-09 10:53:22.342 - Button2 is present
[INFO ] 2025-12-09 10:53:26.892 - Button1 is present
[INFO ] 2025-12-09 10:53:26.912 - Button2 is present
[INFO ] 2025-12-09 10:53:27.731 - Textbox1 is displayed
[INFO ] 2025-12-09 10:53:28.013 - waited for 10 seconds
[INFO ] 2025-12-09 10:53:32.094 - Textbox1 is displayed
[INFO ] 2025-12-09 10:53:32.314 - waited for 10 seconds
[INFO ] 2025-12-09 10:53:38.320 - /**********************Test Passed ********************************/
[INFO ] 2025-12-09 10:53:43.546 - /**********************Test Passed ********************************/
[INFO ] 2025-12-09 15:38:08.229 - /**********************Test Start ********************************/
[INFO ] 2025-12-09 15:38:08.229 - /**********************Test Start ********************************/
[INFO ] 2025-12-09 15:38:08.236 - chrome
[INFO ] 2025-12-09 15:38:08.236 - firefox
[INFO ] 2025-12-09 15:38:13.391 - Button1 is present
[INFO ] 2025-12-09 15:38:13.409 - Button2 is present
[INFO ] 2025-12-09 15:38:17.742 - Button1 is present
[INFO ] 2025-12-09 15:38:17.760 - Button2 is present
[INFO ] 2025-12-09 15:38:18.777 - Textbox1 is displayed
[INFO ] 2025-12-09 15:38:19.216 - waited for 10 seconds
[INFO ] 2025-12-09 15:38:22.939 - Textbox1 is displayed
[INFO ] 2025-12-09 15:38:23.177 - waited for 10 seconds
[INFO ] 2025-12-09 15:38:29.617 - /**********************Test Passed ********************************/
[INFO ] 2025-12-09 15:38:34.404 - /**********************Test Passed ********************************/
